d:\develop_git\ooplabs\ooplabs\list\debug\list.pch
d:\develop_git\ooplabs\ooplabs\list\debug\vc141.pdb
d:\develop_git\ooplabs\ooplabs\list\debug\vc141.idb
d:\develop_git\ooplabs\ooplabs\list\debug\pch.obj
d:\develop_git\ooplabs\ooplabs\list\debug\queueelement.obj
d:\develop_git\ooplabs\ooplabs\list\debug\list.obj
d:\develop_git\ooplabs\ooplabs\debug\list.pdb
d:\develop_git\ooplabs\ooplabs\list\debug\list.tlog\cl.command.1.tlog
d:\develop_git\ooplabs\ooplabs\list\debug\list.tlog\cl.read.1.tlog
d:\develop_git\ooplabs\ooplabs\list\debug\list.tlog\cl.write.1.tlog
d:\develop_git\ooplabs\ooplabs\list\debug\list.tlog\link-cvtres.read.1.tlog
d:\develop_git\ooplabs\ooplabs\list\debug\list.tlog\link-cvtres.write.1.tlog
d:\develop_git\ooplabs\ooplabs\list\debug\list.tlog\link-rc.read.1.tlog
d:\develop_git\ooplabs\ooplabs\list\debug\list.tlog\link-rc.write.1.tlog
d:\develop_git\ooplabs\ooplabs\list\debug\list.tlog\link.5988-cvtres.read.1.tlog
d:\develop_git\ooplabs\ooplabs\list\debug\list.tlog\link.5988-cvtres.write.1.tlog
d:\develop_git\ooplabs\ooplabs\list\debug\list.tlog\link.5988-rc.read.1.tlog
d:\develop_git\ooplabs\ooplabs\list\debug\list.tlog\link.5988-rc.write.1.tlog
d:\develop_git\ooplabs\ooplabs\list\debug\list.tlog\link.5988.read.1.tlog
d:\develop_git\ooplabs\ooplabs\list\debug\list.tlog\link.5988.write.1.tlog
d:\develop_git\ooplabs\ooplabs\list\debug\list.tlog\link.command.1.tlog
d:\develop_git\ooplabs\ooplabs\list\debug\list.tlog\link.read.1.tlog
d:\develop_git\ooplabs\ooplabs\list\debug\list.tlog\link.write.1.tlog
